000 (846779.000.000) 2024-09-22 14:36:02 Job submitted from host: <147.156.116.133:9618?addrs=147.156.116.133-9618&alias=cm02.ific.uv.es&noUDP&sock=schedd_31047_3cf3>
...
001 (846779.000.000) 2024-09-22 14:36:02 Job executing on host: <147.156.116.219:9618?addrs=147.156.116.219-9618&alias=mlwn34.ific.uv.es&noUDP&sock=startd_3741_97e3>
...
006 (846779.000.000) 2024-09-22 14:36:06 Image size of job updated: 528
	0  -  MemoryUsage of job (MB)
	0  -  ResidentSetSize of job (KB)
...
005 (846779.000.000) 2024-09-22 14:36:06 Job terminated.
	(1) Normal termination (return value 0)
		Usr 0 00:00:00, Sys 0 00:00:04  -  Run Remote Usage
		Usr 0 00:00:00, Sys 0 00:00:00  -  Run Local Usage
		Usr 0 00:00:00, Sys 0 00:00:04  -  Total Remote Usage
		Usr 0 00:00:00, Sys 0 00:00:00  -  Total Local Usage
	0  -  Run Bytes Sent By Job
	0  -  Run Bytes Received By Job
	0  -  Total Bytes Sent By Job
	0  -  Total Bytes Received By Job
	Partitionable Resources :    Usage  Request Allocated Assigned
	   Cpus                 :                 1        56 
	   Disk (KB)            :        1        1 414696726 
	   Gpus (Average)       :                 1         1 "GPU-856539db"
	   Memory (MB)          :        0        1    309549 

	Job terminated of its own accord at 2024-09-22T12:36:06Z.
...
